<?xml version="1.0" encoding="UTF-8"?>
<!-- Generated by org.testng.reporters.JUnitReportReporter -->
<testsuite hostname="DESKTOP-PSU22K4" failures="0" tests="2" name="tests.TestsExamples" time="3.145" errors="0" timestamp="2023-11-22T18:21:27 CET" skipped="0">
  <testcase classname="tests.TestsExamples" name="test_1" time="2.647"/>
  <testcase classname="tests.TestsExamples" name="test_2" time="0.498"/>
</testsuite> <!-- tests.TestsExamples -->
